2026-03-25 09:03:53,382 - [INFO] - >>> 出厂检测引擎启动，配置路径: /Users/shanwu/qa-prompts/factory_inspector/tests/test_config_integration.yaml
2026-03-25 09:03:53,382 - [INFO] - 正在从目录扫描插件: /Users/shanwu/qa-prompts/factory_inspector/tests/../plugins/builtins
2026-03-25 09:03:53,382 - [INFO] - 已加载插件类: ServicePlugin (来自 factory_inspector.plugins.builtins.service_plugin)
2026-03-25 09:03:53,382 - [INFO] - 已加载插件类: NetworkPlugin (来自 factory_inspector.plugins.builtins.network_plugin)
2026-03-25 09:03:53,382 - [INFO] - 已加载插件类: HardwarePlugin (来自 factory_inspector.plugins.builtins.hardware_plugin)
2026-03-25 09:03:53,383 - [INFO] - 已加载插件类: RoutePlugin (来自 factory_inspector.plugins.builtins.route_plugin)
2026-03-25 09:03:53,383 - [INFO] - >>> 开始检测项: service
2026-03-25 09:03:53,383 - [INFO] - [Service] 服务 [nginx] 状态原始输出: active
2026-03-25 09:03:53,383 - [INFO] - [Service] 服务 [nginx] 版本原始输出: nginx version: nginx/1.18.0
2026-03-25 09:03:53,383 - [INFO] - <<< 检测项目 [service] 完成，项数: 2
2026-03-25 09:03:53,383 - [INFO] - >>> 开始检测项: hardware
2026-03-25 09:03:53,383 - [INFO] - [Hardware] CPU 核数原始输出: 8
2026-03-25 09:03:53,383 - [INFO] - [Hardware] 磁盘空间原始输出 (df -BG /): 
100G

2026-03-25 09:03:53,383 - [INFO] - <<< 检测项目 [hardware] 完成，项数: 3
2026-03-25 09:03:53,383 - [INFO] - >>> 开始检测项: route
2026-03-25 09:03:53,383 - [INFO] - [Route] 路由原始输出 (数量校验): 
[{"dst": "default", "gateway": "192.168.1.1"}]
2026-03-25 09:03:53,383 - [INFO] - <<< 检测项目 [route] 完成，项数: 1
2026-03-25 09:03:53,384 - [INFO] - >>> 出厂检测引擎启动，配置路径: test_config_logging.yaml
2026-03-25 09:03:53,384 - [INFO] - 正在从目录扫描插件: /Users/shanwu/qa-prompts/factory_inspector/tests/../plugins/builtins
2026-03-25 09:03:53,384 - [INFO] - 已加载插件类: ServicePlugin (来自 factory_inspector.plugins.builtins.service_plugin)
2026-03-25 09:03:53,384 - [INFO] - 已加载插件类: NetworkPlugin (来自 factory_inspector.plugins.builtins.network_plugin)
2026-03-25 09:03:53,384 - [INFO] - 已加载插件类: HardwarePlugin (来自 factory_inspector.plugins.builtins.hardware_plugin)
2026-03-25 09:03:53,384 - [INFO] - 已加载插件类: RoutePlugin (来自 factory_inspector.plugins.builtins.route_plugin)
2026-03-25 09:03:53,384 - [INFO] - >>> 开始检测项: hardware
2026-03-25 09:03:53,384 - [INFO] - [Hardware] CPU 核数原始输出: 4
2026-03-25 09:03:53,384 - [INFO] - [Hardware] 磁盘空间原始输出 (df -BG /): 
4

2026-03-25 09:03:53,384 - [INFO] - <<< 检测项目 [hardware] 完成，项数: 3
